--------------- Build Started: 03/24/2018 14:18:19 Project: 2-4-BasicKillSwitch, Configuration: ARM GCC 5.4-2016-q2-update Debug ---------------
cydsfit.exe -.appdatapath "C:\Users\arh\AppData\Local\Cypress Semiconductor\PSoC Creator\4.2" -.fdsnotice -.fdswarpdepfile=warp_dependencies.txt -.fdselabdepfile=elab_dependencies.txt -.fdsbldfile=generated_files.txt -.fdsreffile=referenced_files.txt -p \\Mac\Home\Documents\iotexpert-projects\PSoC6-Videos\2-4-BasicKillSwitch.cydsn\2-4-BasicKillSwitch.cyprj -d CY8C6347BZI-BLD53 -s \\Mac\Home\Documents\iotexpert-projects\PSoC6-Videos\2-4-BasicKillSwitch.cydsn\Generated_Source\PSoC6 -- -yv2 -q10 -ygs -o2 -v3 -.fftcfgtype=LE
Elaborating Design...
HDL Generation...
Synthesis...
Tech Mapping...
Info: plm.M0038: The pin named CY_CPUSS_SWJ_SWCLK_TCLK(0) at location P6[7] prevents usage of special purposes: TCPWM[3].line_compl. (App=cydsfit)
Info: plm.M0038: The pin named CY_CPUSS_SWJ_SWCLK_TCLK(0) at location P6[7] prevents usage of special purposes: TCPWM[19].line_compl. (App=cydsfit)
Info: plm.M0038: The pin named CY_CPUSS_SWJ_SWDIO_TMS(0) at location P6[6] prevents usage of special purposes: TCPWM[3].line. (App=cydsfit)
Info: plm.M0038: The pin named CY_CPUSS_SWJ_SWDIO_TMS(0) at location P6[6] prevents usage of special purposes: TCPWM[19].line. (App=cydsfit)
Analog Placement...
Analog Routing...
Analog Code Generation...
Digital Placement...
Digital Routing...
Bitstream Generation...
Bitstream Verification...
Static timing analysis...
API Generation...
Dependency Generation...
Cleanup...
arm-none-eabi-gcc.exe -mcpu=cortex-m0plus -mthumb -I. -IGenerated_Source\PSoC6 -IGenerated_Source\PSoC6\pdl\cmsis/include/ -IGenerated_Source\PSoC6\pdl\devices/psoc6/ip/ -IGenerated_Source\PSoC6\pdl\devices/psoc6/psoc63/include/ -IGenerated_Source\PSoC6\pdl\drivers/peripheral/ -IGenerated_Source\PSoC6\pdl\middleware/ -Wa,-alh=.\CortexM0p\ARM_GCC_541\Debug/cyfitter_cfg.lst -g -D DEBUG -D CY_CORE_ID=0 -D CY_PSOC_CREATOR_USED=1 -D CY8C6347BZI_BLD53 -Wall -ffunction-sections -ffat-lto-objects -Og -c Generated_Source\PSoC6\cyfitter_cfg.c -o .\CortexM0p\ARM_GCC_541\Debug\cyfitter_cfg.o
arm-none-eabi-gcc.exe -Wl,--start-group -o \\Mac\Home\Documents\iotexpert-projects\PSoC6-Videos\2-4-BasicKillSwitch.cydsn\CortexM0p\ARM_GCC_541\Debug\2-4-BasicKillSwitch_link.elf .\CortexM0p\ARM_GCC_541\Debug\startup_psoc63_cm0plus.o .\CortexM0p\ARM_GCC_541\Debug\main_cm0p.o .\CortexM0p\ARM_GCC_541\Debug\system_psoc63_cm0plus.o .\CortexM0p\ARM_GCC_541\Debug\cy_ipc_config.o .\CortexM0p\ARM_GCC_541\Debug\cyfitter_sysint_cfg.o .\CortexM0p\ARM_GCC_541\Debug\cyfitter_cfg.o .\CortexM0p\ARM_GCC_541\Debug\cymetadata.o .\CortexM0p\ARM_GCC_541\Debug\cy_sysint.o .\CortexM0p\ARM_GCC_541\Debug\cy_ipc_drv.o .\CortexM0p\ARM_GCC_541\Debug\cy_ipc_sema.o .\CortexM0p\ARM_GCC_541\Debug\cy_ipc_pipe.o .\CortexM0p\ARM_GCC_541\Debug\cy_sysclk.o .\CortexM0p\ARM_GCC_541\Debug\cy_wdt.o .\CortexM0p\ARM_GCC_541\Debug\cy_efuse.o .\CortexM0p\ARM_GCC_541\Debug\cy_flash.o .\CortexM0p\ARM_GCC_541\Debug\cy_gpio.o .\CortexM0p\ARM_GCC_541\Debug\cy_sysanalog.o .\CortexM0p\ARM_GCC_541\Debug\cy_syspm.o .\CortexM0p\ARM_GCC_541\Debug\cy_syslib.o .\CortexM0p\ARM_GCC_541\Debug\cy_syslib_gcc.o .\CortexM0p\ARM_GCC_541\Debug\cy_trigmux.o .\CortexM0p\ARM_GCC_541\Debug\cy_systick.o .\CortexM0p\ARM_GCC_541\Debug\cy_profile.o .\CortexM0p\ARM_GCC_541\Debug\cy_prot.o .\CortexM0p\ARM_GCC_541\Debug\cy_lvd.o .\CortexM0p\ARM_GCC_541\Debug\cy_tcpwm_counter.o .\CortexM0p\ARM_GCC_541\Debug\cy_tcpwm_pwm.o .\CortexM0p\ARM_GCC_541\Debug\cy_tcpwm_quaddec.o .\CortexM0p\ARM_GCC_541\Debug\cy_ble_clk.o .\CortexM0p\ARM_GCC_541\Debug\ledblink.o -mcpu=cortex-m0plus -mthumb -L Generated_Source\PSoC6 -Wl,-Map,.\CortexM0p\ARM_GCC_541\Debug/2-4-BasicKillSwitch.map -T cy8c6xx7_cm0plus.ld -specs=nano.specs -Wl,--gc-sections -g -ffunction-sections -Og -ffat-lto-objects -Wl,--end-group
"C:\Program Files (x86)\Cypress\PDL\3.0.1\tools\win\elf\cymcuelftool.exe" --sign \\Mac\Home\Documents\iotexpert-projects\PSoC6-Videos\2-4-BasicKillSwitch.cydsn\CortexM0p\ARM_GCC_541\Debug\2-4-BasicKillSwitch_link.elf --output \\Mac\Home\Documents\iotexpert-projects\PSoC6-Videos\2-4-BasicKillSwitch.cydsn\CortexM0p\ARM_GCC_541\Debug\2-4-BasicKillSwitch.elf --hex \\Mac\Home\Documents\iotexpert-projects\PSoC6-Videos\2-4-BasicKillSwitch.cydsn\CortexM0p\ARM_GCC_541\Debug\2-4-BasicKillSwitch.hex
No ELF section .cychecksum found, creating one
Application checksum calculated and stored in ELF section .cychecksum
Checksum calculated and stored in ELF section .cymeta
The compile step is up to date, no work needs to be done.
The link step is up to date, no work needs to be done.
"C:\Program Files (x86)\Cypress\PDL\3.0.1\tools\win\elf\cymcuelftool.exe" --sign \\Mac\Home\Documents\iotexpert-projects\PSoC6-Videos\2-4-BasicKillSwitch.cydsn\CortexM4\ARM_GCC_541\Debug\2-4-BasicKillSwitch_link.elf --output \\Mac\Home\Documents\iotexpert-projects\PSoC6-Videos\2-4-BasicKillSwitch.cydsn\CortexM4\ARM_GCC_541\Debug\2-4-BasicKillSwitch_signed.elf --hex \\Mac\Home\Documents\iotexpert-projects\PSoC6-Videos\2-4-BasicKillSwitch.cydsn\CortexM4\ARM_GCC_541\Debug\2-4-BasicKillSwitch_signed.hex
No ELF section .cychecksum found, creating one
Application checksum calculated and stored in ELF section .cychecksum
Checksum calculated and stored in ELF section .cymeta
"C:\Program Files (x86)\Cypress\PDL\3.0.1\tools\win\elf\cymcuelftool.exe" --merge \\Mac\Home\Documents\iotexpert-projects\PSoC6-Videos\2-4-BasicKillSwitch.cydsn\CortexM4\ARM_GCC_541\Debug\2-4-BasicKillSwitch_signed.elf \\Mac\Home\Documents\iotexpert-projects\PSoC6-Videos\2-4-BasicKillSwitch.cydsn\CortexM0p\ARM_GCC_541\Debug\2-4-BasicKillSwitch.elf --output \\Mac\Home\Documents\iotexpert-projects\PSoC6-Videos\2-4-BasicKillSwitch.cydsn\CortexM4\ARM_GCC_541\Debug\2-4-BasicKillSwitch.elf --hex \\Mac\Home\Documents\iotexpert-projects\PSoC6-Videos\2-4-BasicKillSwitch.cydsn\CortexM4\ARM_GCC_541\Debug\2-4-BasicKillSwitch.hex
Application checksum calculated and stored in ELF section .cychecksum
Checksum calculated and stored in ELF section .cymeta
"C:\Program Files (x86)\Cypress\PDL\3.0.1\tools\win\elf\cymcuelftool.exe" -A \\Mac\Home\Documents\iotexpert-projects\PSoC6-Videos\2-4-BasicKillSwitch.cydsn\CortexM4\ARM_GCC_541\Debug\2-4-BasicKillSwitch.elf
code:16448	sram:1792
--------------- Build Succeeded: 03/24/2018 14:18:56 ---------------
