--------------- Build Started: 03/26/2018 15:22:14 Project: 2-6-BasicThermistor, Configuration: ARM GCC 5.4-2016-q2-update Debug ---------------
The code generation step is up to date.
The compile step is up to date, no work needs to be done.
The link step is up to date, no work needs to be done.
arm-none-eabi-gcc.exe -mcpu=cortex-m4 -mfloat-abi=softfp -mfpu=fpv4-sp-d16 -mthumb -I. -IGenerated_Source\PSoC6 -IGenerated_Source\PSoC6\pdl\cmsis/include/ -IGenerated_Source\PSoC6\pdl\devices/psoc6/ip/ -IGenerated_Source\PSoC6\pdl\devices/psoc6/psoc63/include/ -IGenerated_Source\PSoC6\pdl\drivers/peripheral/ -IGenerated_Source\PSoC6\pdl\middleware/ -IGenerated_Source\PSoC6\pdl\utilities/ -Wa,-alh=.\CortexM4\ARM_GCC_541\Debug/main_cm4.lst -g -D DEBUG -D CY_CORE_ID=0 -D CY_PSOC_CREATOR_USED=1 -D CY8C6347BZI_BLD53 -Wall -ffunction-sections -ffat-lto-objects -Og -c main_cm4.c -o .\CortexM4\ARM_GCC_541\Debug\main_cm4.o
main_cm4.c: In function 'main':
main_cm4.c:60:10: warning: unused variable 'c' [-Wunused-variable]
     char c;
          ^
main_cm4.c:55:11: warning: unused variable 'temperature' [-Wunused-variable]
     float temperature;
           ^
arm-none-eabi-gcc.exe -Wl,--start-group -o \\Mac\Home\Documents\iotexpert-projects\PSoC6-Videos\2-6-BasicThermistor.cydsn\CortexM4\ARM_GCC_541\Debug\2-6-BasicThermistor_link.elf .\CortexM4\ARM_GCC_541\Debug\startup_psoc63_cm4.o .\CortexM4\ARM_GCC_541\Debug\main_cm4.o .\CortexM4\ARM_GCC_541\Debug\system_psoc63_cm4.o .\CortexM4\ARM_GCC_541\Debug\Thermistor.o .\CortexM4\ARM_GCC_541\Debug\cy_ipc_config.o .\CortexM4\ARM_GCC_541\Debug\stdio_user.o .\CortexM4\ARM_GCC_541\Debug\cyfitter_sysint_cfg.o .\CortexM4\ARM_GCC_541\Debug\cymetadata.o .\CortexM4\ARM_GCC_541\Debug\cy_sysint.o .\CortexM4\ARM_GCC_541\Debug\cy_ipc_drv.o .\CortexM4\ARM_GCC_541\Debug\cy_ipc_sema.o .\CortexM4\ARM_GCC_541\Debug\cy_ipc_pipe.o .\CortexM4\ARM_GCC_541\Debug\cy_sysclk.o .\CortexM4\ARM_GCC_541\Debug\cy_wdt.o .\CortexM4\ARM_GCC_541\Debug\cy_efuse.o .\CortexM4\ARM_GCC_541\Debug\cy_flash.o .\CortexM4\ARM_GCC_541\Debug\cy_gpio.o .\CortexM4\ARM_GCC_541\Debug\cy_sysanalog.o .\CortexM4\ARM_GCC_541\Debug\cy_syspm.o .\CortexM4\ARM_GCC_541\Debug\cy_syslib.o .\CortexM4\ARM_GCC_541\Debug\cy_syslib_gcc.o .\CortexM4\ARM_GCC_541\Debug\cy_trigmux.o .\CortexM4\ARM_GCC_541\Debug\cy_systick.o .\CortexM4\ARM_GCC_541\Debug\cy_profile.o .\CortexM4\ARM_GCC_541\Debug\cy_prot.o .\CortexM4\ARM_GCC_541\Debug\cy_lvd.o .\CortexM4\ARM_GCC_541\Debug\cy_ctb.o .\CortexM4\ARM_GCC_541\Debug\cy_sar.o .\CortexM4\ARM_GCC_541\Debug\cy_scb_common.o .\CortexM4\ARM_GCC_541\Debug\cy_scb_i2c.o .\CortexM4\ARM_GCC_541\Debug\cy_scb_ezi2c.o .\CortexM4\ARM_GCC_541\Debug\cy_scb_spi.o .\CortexM4\ARM_GCC_541\Debug\cy_scb_uart.o .\CortexM4\ARM_GCC_541\Debug\cy_ble_clk.o .\CortexM4\ARM_GCC_541\Debug\retarget.o .\CortexM4\ARM_GCC_541\Debug\Opamp_1.o .\CortexM4\ARM_GCC_541\Debug\ADC.o .\CortexM4\ARM_GCC_541\Debug\ADC_INT.o .\CortexM4\ARM_GCC_541\Debug\ADC_INIT.o .\CortexM4\ARM_GCC_541\Debug\ADC_PM.o .\CortexM4\ARM_GCC_541\Debug\UART_1.o -mcpu=cortex-m4 -mfloat-abi=softfp -mfpu=fpv4-sp-d16 -mthumb -L Generated_Source\PSoC6 -Wl,-Map,.\CortexM4\ARM_GCC_541\Debug/2-6-BasicThermistor.map -T cy8c6xx7_cm4_dual.ld -specs=nano.specs -Wl,--gc-sections -g -ffunction-sections -Og -ffat-lto-objects -Wl,--end-group
"C:\Program Files (x86)\Cypress\PDL\3.0.1\tools\win\elf\cymcuelftool.exe" --sign \\Mac\Home\Documents\iotexpert-projects\PSoC6-Videos\2-6-BasicThermistor.cydsn\CortexM4\ARM_GCC_541\Debug\2-6-BasicThermistor_link.elf --output \\Mac\Home\Documents\iotexpert-projects\PSoC6-Videos\2-6-BasicThermistor.cydsn\CortexM4\ARM_GCC_541\Debug\2-6-BasicThermistor_signed.elf --hex \\Mac\Home\Documents\iotexpert-projects\PSoC6-Videos\2-6-BasicThermistor.cydsn\CortexM4\ARM_GCC_541\Debug\2-6-BasicThermistor_signed.hex
No ELF section .cychecksum found, creating one
Application checksum calculated and stored in ELF section .cychecksum
Checksum calculated and stored in ELF section .cymeta
"C:\Program Files (x86)\Cypress\PDL\3.0.1\tools\win\elf\cymcuelftool.exe" --merge \\Mac\Home\Documents\iotexpert-projects\PSoC6-Videos\2-6-BasicThermistor.cydsn\CortexM4\ARM_GCC_541\Debug\2-6-BasicThermistor_signed.elf \\Mac\Home\Documents\iotexpert-projects\PSoC6-Videos\2-6-BasicThermistor.cydsn\CortexM0p\ARM_GCC_541\Debug\2-6-BasicThermistor.elf --output \\Mac\Home\Documents\iotexpert-projects\PSoC6-Videos\2-6-BasicThermistor.cydsn\CortexM4\ARM_GCC_541\Debug\2-6-BasicThermistor.elf --hex \\Mac\Home\Documents\iotexpert-projects\PSoC6-Videos\2-6-BasicThermistor.cydsn\CortexM4\ARM_GCC_541\Debug\2-6-BasicThermistor.hex
Application checksum calculated and stored in ELF section .cychecksum
Checksum calculated and stored in ELF section .cymeta
"C:\Program Files (x86)\Cypress\PDL\3.0.1\tools\win\elf\cymcuelftool.exe" -A \\Mac\Home\Documents\iotexpert-projects\PSoC6-Videos\2-6-BasicThermistor.cydsn\CortexM4\ARM_GCC_541\Debug\2-6-BasicThermistor.elf
code:38336	sram:2136
--------------- Build Succeeded: 03/26/2018 15:22:21 ---------------
