--------------- Build Started: 03/24/2018 15:30:09 Project: 3-5-BasicThermistor, Configuration: ARM GCC 5.4-2016-q2-update Debug ---------------
cydsfit.exe -.appdatapath "C:\Users\arh\AppData\Local\Cypress Semiconductor\PSoC Creator\4.2" -.fdsnotice -.fdswarpdepfile=warp_dependencies.txt -.fdselabdepfile=elab_dependencies.txt -.fdsbldfile=generated_files.txt -.fdsreffile=referenced_files.txt -p \\Mac\Home\Documents\iotexpert-projects\PSoC6-Videos\3-5-BasicThermistor.cydsn\3-5-BasicThermistor.cyprj -d CY8C6347BZI-BLD53 -s \\Mac\Home\Documents\iotexpert-projects\PSoC6-Videos\3-5-BasicThermistor.cydsn\Generated_Source\PSoC6 -- -yv2 -q10 -ygs -o2 -v3 -.fftcfgtype=LE
Elaborating Design...
HDL Generation...
Synthesis...
Tech Mapping...
Info: plm.M0038: The pin named CY_CPUSS_SWJ_SWCLK_TCLK(0) at location P6[7] prevents usage of special purposes: SCB[6].uart_cts. (App=cydsfit)
Info: plm.M0038: The pin named CY_CPUSS_SWJ_SWCLK_TCLK(0) at location P6[7] prevents usage of special purposes: SCB[6].spi_select[0]. (App=cydsfit)
Info: plm.M0038: The pin named CY_CPUSS_SWJ_SWCLK_TCLK(0) at location P6[7] prevents usage of special purposes: SCB[8].spi_select[0]. (App=cydsfit)
Info: plm.M0038: The pin named CY_CPUSS_SWJ_SWDIO_TMS(0) at location P6[6] prevents usage of special purposes: SCB[6].uart_rts. (App=cydsfit)
Info: plm.M0038: The pin named CY_CPUSS_SWJ_SWDIO_TMS(0) at location P6[6] prevents usage of special purposes: SCB[6].spi_clk. (App=cydsfit)
Info: plm.M0038: The pin named CY_CPUSS_SWJ_SWDIO_TMS(0) at location P6[6] prevents usage of special purposes: SCB[8].spi_clk. (App=cydsfit)
Analog Placement...
Analog Routing...
Analog Code Generation...
Warning: apr.M0042: Bonded pin(s) "P9[3]" are not used in your current design but have been connected in order to route the design. (App=cydsfit)
Digital Placement...
Warning: placer did not place the following components:
   \ADC:SARMUX\:SARMUX
Digital Routing...
Bitstream Generation...
Bitstream Verification...
Static timing analysis...
API Generation...
Dependency Generation...
Cleanup...
arm-none-eabi-gcc.exe -mcpu=cortex-m0plus -mthumb -I. -IGenerated_Source\PSoC6 -IGenerated_Source\PSoC6\pdl\cmsis/include/ -IGenerated_Source\PSoC6\pdl\devices/psoc6/ip/ -IGenerated_Source\PSoC6\pdl\devices/psoc6/psoc63/include/ -IGenerated_Source\PSoC6\pdl\drivers/peripheral/ -IGenerated_Source\PSoC6\pdl\middleware/ -IGenerated_Source\PSoC6\pdl\utilities/ -Wa,-alh=.\CortexM0p\ARM_GCC_541\Debug/main_cm0p.lst -g -D DEBUG -D CY_CORE_ID=0 -D CY_PSOC_CREATOR_USED=1 -D CY8C6347BZI_BLD53 -Wall -ffunction-sections -ffat-lto-objects -Og -c main_cm0p.c -o .\CortexM0p\ARM_GCC_541\Debug\main_cm0p.o
arm-none-eabi-gcc.exe -mcpu=cortex-m0plus -mthumb -I. -IGenerated_Source\PSoC6 -IGenerated_Source\PSoC6\pdl\cmsis/include/ -IGenerated_Source\PSoC6\pdl\devices/psoc6/ip/ -IGenerated_Source\PSoC6\pdl\devices/psoc6/psoc63/include/ -IGenerated_Source\PSoC6\pdl\drivers/peripheral/ -IGenerated_Source\PSoC6\pdl\middleware/ -IGenerated_Source\PSoC6\pdl\utilities/ -Wa,-alh=.\CortexM0p\ARM_GCC_541\Debug/system_psoc63_cm0plus.lst -g -D DEBUG -D CY_CORE_ID=0 -D CY_PSOC_CREATOR_USED=1 -D CY8C6347BZI_BLD53 -Wall -ffunction-sections -ffat-lto-objects -Og -c system_psoc63_cm0plus.c -o .\CortexM0p\ARM_GCC_541\Debug\system_psoc63_cm0plus.o
arm-none-eabi-gcc.exe -mcpu=cortex-m0plus -mthumb -I. -IGenerated_Source\PSoC6 -IGenerated_Source\PSoC6\pdl\cmsis/include/ -IGenerated_Source\PSoC6\pdl\devices/psoc6/ip/ -IGenerated_Source\PSoC6\pdl\devices/psoc6/psoc63/include/ -IGenerated_Source\PSoC6\pdl\drivers/peripheral/ -IGenerated_Source\PSoC6\pdl\middleware/ -IGenerated_Source\PSoC6\pdl\utilities/ -Wa,-alh=.\CortexM0p\ARM_GCC_541\Debug/cy_ipc_config.lst -g -D DEBUG -D CY_CORE_ID=0 -D CY_PSOC_CREATOR_USED=1 -D CY8C6347BZI_BLD53 -Wall -ffunction-sections -ffat-lto-objects -Og -c cy_ipc_config.c -o .\CortexM0p\ARM_GCC_541\Debug\cy_ipc_config.o
arm-none-eabi-gcc.exe -mcpu=cortex-m0plus -mthumb -I. -IGenerated_Source\PSoC6 -IGenerated_Source\PSoC6\pdl\cmsis/include/ -IGenerated_Source\PSoC6\pdl\devices/psoc6/ip/ -IGenerated_Source\PSoC6\pdl\devices/psoc6/psoc63/include/ -IGenerated_Source\PSoC6\pdl\drivers/peripheral/ -IGenerated_Source\PSoC6\pdl\middleware/ -IGenerated_Source\PSoC6\pdl\utilities/ -Wa,-alh=.\CortexM0p\ARM_GCC_541\Debug/stdio_user.lst -g -D DEBUG -D CY_CORE_ID=0 -D CY_PSOC_CREATOR_USED=1 -D CY8C6347BZI_BLD53 -Wall -ffunction-sections -ffat-lto-objects -Og -c stdio_user.c -o .\CortexM0p\ARM_GCC_541\Debug\stdio_user.o
arm-none-eabi-gcc.exe -mcpu=cortex-m0plus -mthumb -I. -IGenerated_Source\PSoC6 -IGenerated_Source\PSoC6\pdl\cmsis/include/ -IGenerated_Source\PSoC6\pdl\devices/psoc6/ip/ -IGenerated_Source\PSoC6\pdl\devices/psoc6/psoc63/include/ -IGenerated_Source\PSoC6\pdl\drivers/peripheral/ -IGenerated_Source\PSoC6\pdl\middleware/ -IGenerated_Source\PSoC6\pdl\utilities/ -Wa,-alh=.\CortexM0p\ARM_GCC_541\Debug/cyfitter_sysint_cfg.lst -g -D DEBUG -D CY_CORE_ID=0 -D CY_PSOC_CREATOR_USED=1 -D CY8C6347BZI_BLD53 -Wall -ffunction-sections -ffat-lto-objects -Og -c Generated_Source\PSoC6\cyfitter_sysint_cfg.c -o .\CortexM0p\ARM_GCC_541\Debug\cyfitter_sysint_cfg.o
arm-none-eabi-gcc.exe -mcpu=cortex-m0plus -mthumb -I. -IGenerated_Source\PSoC6 -IGenerated_Source\PSoC6\pdl\cmsis/include/ -IGenerated_Source\PSoC6\pdl\devices/psoc6/ip/ -IGenerated_Source\PSoC6\pdl\devices/psoc6/psoc63/include/ -IGenerated_Source\PSoC6\pdl\drivers/peripheral/ -IGenerated_Source\PSoC6\pdl\middleware/ -IGenerated_Source\PSoC6\pdl\utilities/ -Wa,-alh=.\CortexM0p\ARM_GCC_541\Debug/cyfitter_cfg.lst -g -D DEBUG -D CY_CORE_ID=0 -D CY_PSOC_CREATOR_USED=1 -D CY8C6347BZI_BLD53 -Wall -ffunction-sections -ffat-lto-objects -Og -c Generated_Source\PSoC6\cyfitter_cfg.c -o .\CortexM0p\ARM_GCC_541\Debug\cyfitter_cfg.o
arm-none-eabi-gcc.exe -mcpu=cortex-m0plus -mthumb -I. -IGenerated_Source\PSoC6 -IGenerated_Source\PSoC6\pdl\cmsis/include/ -IGenerated_Source\PSoC6\pdl\devices/psoc6/ip/ -IGenerated_Source\PSoC6\pdl\devices/psoc6/psoc63/include/ -IGenerated_Source\PSoC6\pdl\drivers/peripheral/ -IGenerated_Source\PSoC6\pdl\middleware/ -IGenerated_Source\PSoC6\pdl\utilities/ -Wa,-alh=.\CortexM0p\ARM_GCC_541\Debug/cymetadata.lst -g -D DEBUG -D CY_CORE_ID=0 -D CY_PSOC_CREATOR_USED=1 -D CY8C6347BZI_BLD53 -Wall -ffunction-sections -ffat-lto-objects -Og -c Generated_Source\PSoC6\cymetadata.c -o .\CortexM0p\ARM_GCC_541\Debug\cymetadata.o
arm-none-eabi-gcc.exe -mcpu=cortex-m0plus -mthumb -I. -IGenerated_Source\PSoC6 -IGenerated_Source\PSoC6\pdl\cmsis/include/ -IGenerated_Source\PSoC6\pdl\devices/psoc6/ip/ -IGenerated_Source\PSoC6\pdl\devices/psoc6/psoc63/include/ -IGenerated_Source\PSoC6\pdl\drivers/peripheral/ -IGenerated_Source\PSoC6\pdl\middleware/ -IGenerated_Source\PSoC6\pdl\utilities/ -Wa,-alh=.\CortexM0p\ARM_GCC_541\Debug/cy_sysint.lst -g -D DEBUG -D CY_CORE_ID=0 -D CY_PSOC_CREATOR_USED=1 -D CY8C6347BZI_BLD53 -Wall -ffunction-sections -ffat-lto-objects -Og -c Generated_Source\PSoC6\pdl\drivers\peripheral\sysint\cy_sysint.c -o .\CortexM0p\ARM_GCC_541\Debug\cy_sysint.o
arm-none-eabi-gcc.exe -mcpu=cortex-m0plus -mthumb -I. -IGenerated_Source\PSoC6 -IGenerated_Source\PSoC6\pdl\cmsis/include/ -IGenerated_Source\PSoC6\pdl\devices/psoc6/ip/ -IGenerated_Source\PSoC6\pdl\devices/psoc6/psoc63/include/ -IGenerated_Source\PSoC6\pdl\drivers/peripheral/ -IGenerated_Source\PSoC6\pdl\middleware/ -IGenerated_Source\PSoC6\pdl\utilities/ -Wa,-alh=.\CortexM0p\ARM_GCC_541\Debug/cy_ipc_drv.lst -g -D DEBUG -D CY_CORE_ID=0 -D CY_PSOC_CREATOR_USED=1 -D CY8C6347BZI_BLD53 -Wall -ffunction-sections -ffat-lto-objects -Og -c Generated_Source\PSoC6\pdl\drivers\peripheral\ipc\cy_ipc_drv.c -o .\CortexM0p\ARM_GCC_541\Debug\cy_ipc_drv.o
arm-none-eabi-gcc.exe -mcpu=cortex-m0plus -mthumb -I. -IGenerated_Source\PSoC6 -IGenerated_Source\PSoC6\pdl\cmsis/include/ -IGenerated_Source\PSoC6\pdl\devices/psoc6/ip/ -IGenerated_Source\PSoC6\pdl\devices/psoc6/psoc63/include/ -IGenerated_Source\PSoC6\pdl\drivers/peripheral/ -IGenerated_Source\PSoC6\pdl\middleware/ -IGenerated_Source\PSoC6\pdl\utilities/ -Wa,-alh=.\CortexM0p\ARM_GCC_541\Debug/cy_ipc_sema.lst -g -D DEBUG -D CY_CORE_ID=0 -D CY_PSOC_CREATOR_USED=1 -D CY8C6347BZI_BLD53 -Wall -ffunction-sections -ffat-lto-objects -Og -c Generated_Source\PSoC6\pdl\drivers\peripheral\ipc\cy_ipc_sema.c -o .\CortexM0p\ARM_GCC_541\Debug\cy_ipc_sema.o
arm-none-eabi-gcc.exe -mcpu=cortex-m0plus -mthumb -I. -IGenerated_Source\PSoC6 -IGenerated_Source\PSoC6\pdl\cmsis/include/ -IGenerated_Source\PSoC6\pdl\devices/psoc6/ip/ -IGenerated_Source\PSoC6\pdl\devices/psoc6/psoc63/include/ -IGenerated_Source\PSoC6\pdl\drivers/peripheral/ -IGenerated_Source\PSoC6\pdl\middleware/ -IGenerated_Source\PSoC6\pdl\utilities/ -Wa,-alh=.\CortexM0p\ARM_GCC_541\Debug/cy_ipc_pipe.lst -g -D DEBUG -D CY_CORE_ID=0 -D CY_PSOC_CREATOR_USED=1 -D CY8C6347BZI_BLD53 -Wall -ffunction-sections -ffat-lto-objects -Og -c Generated_Source\PSoC6\pdl\drivers\peripheral\ipc\cy_ipc_pipe.c -o .\CortexM0p\ARM_GCC_541\Debug\cy_ipc_pipe.o
arm-none-eabi-gcc.exe -mcpu=cortex-m0plus -mthumb -I. -IGenerated_Source\PSoC6 -IGenerated_Source\PSoC6\pdl\cmsis/include/ -IGenerated_Source\PSoC6\pdl\devices/psoc6/ip/ -IGenerated_Source\PSoC6\pdl\devices/psoc6/psoc63/include/ -IGenerated_Source\PSoC6\pdl\drivers/peripheral/ -IGenerated_Source\PSoC6\pdl\middleware/ -IGenerated_Source\PSoC6\pdl\utilities/ -Wa,-alh=.\CortexM0p\ARM_GCC_541\Debug/cy_sysclk.lst -g -D DEBUG -D CY_CORE_ID=0 -D CY_PSOC_CREATOR_USED=1 -D CY8C6347BZI_BLD53 -Wall -ffunction-sections -ffat-lto-objects -Og -c Generated_Source\PSoC6\pdl\drivers\peripheral\sysclk\cy_sysclk.c -o .\CortexM0p\ARM_GCC_541\Debug\cy_sysclk.o
arm-none-eabi-gcc.exe -mcpu=cortex-m0plus -mthumb -I. -IGenerated_Source\PSoC6 -IGenerated_Source\PSoC6\pdl\cmsis/include/ -IGenerated_Source\PSoC6\pdl\devices/psoc6/ip/ -IGenerated_Source\PSoC6\pdl\devices/psoc6/psoc63/include/ -IGenerated_Source\PSoC6\pdl\drivers/peripheral/ -IGenerated_Source\PSoC6\pdl\middleware/ -IGenerated_Source\PSoC6\pdl\utilities/ -Wa,-alh=.\CortexM0p\ARM_GCC_541\Debug/cy_wdt.lst -g -D DEBUG -D CY_CORE_ID=0 -D CY_PSOC_CREATOR_USED=1 -D CY8C6347BZI_BLD53 -Wall -ffunction-sections -ffat-lto-objects -Og -c Generated_Source\PSoC6\pdl\drivers\peripheral\wdt\cy_wdt.c -o .\CortexM0p\ARM_GCC_541\Debug\cy_wdt.o
arm-none-eabi-gcc.exe -mcpu=cortex-m0plus -mthumb -I. -IGenerated_Source\PSoC6 -IGenerated_Source\PSoC6\pdl\cmsis/include/ -IGenerated_Source\PSoC6\pdl\devices/psoc6/ip/ -IGenerated_Source\PSoC6\pdl\devices/psoc6/psoc63/include/ -IGenerated_Source\PSoC6\pdl\drivers/peripheral/ -IGenerated_Source\PSoC6\pdl\middleware/ -IGenerated_Source\PSoC6\pdl\utilities/ -Wa,-alh=.\CortexM0p\ARM_GCC_541\Debug/cy_efuse.lst -g -D DEBUG -D CY_CORE_ID=0 -D CY_PSOC_CREATOR_USED=1 -D CY8C6347BZI_BLD53 -Wall -ffunction-sections -ffat-lto-objects -Og -c Generated_Source\PSoC6\pdl\drivers\peripheral\efuse\cy_efuse.c -o .\CortexM0p\ARM_GCC_541\Debug\cy_efuse.o
arm-none-eabi-gcc.exe -mcpu=cortex-m0plus -mthumb -I. -IGenerated_Source\PSoC6 -IGenerated_Source\PSoC6\pdl\cmsis/include/ -IGenerated_Source\PSoC6\pdl\devices/psoc6/ip/ -IGenerated_Source\PSoC6\pdl\devices/psoc6/psoc63/include/ -IGenerated_Source\PSoC6\pdl\drivers/peripheral/ -IGenerated_Source\PSoC6\pdl\middleware/ -IGenerated_Source\PSoC6\pdl\utilities/ -Wa,-alh=.\CortexM0p\ARM_GCC_541\Debug/cy_flash.lst -g -D DEBUG -D CY_CORE_ID=0 -D CY_PSOC_CREATOR_USED=1 -D CY8C6347BZI_BLD53 -Wall -ffunction-sections -ffat-lto-objects -Og -c Generated_Source\PSoC6\pdl\drivers\peripheral\flash\cy_flash.c -o .\CortexM0p\ARM_GCC_541\Debug\cy_flash.o
arm-none-eabi-gcc.exe -mcpu=cortex-m0plus -mthumb -I. -IGenerated_Source\PSoC6 -IGenerated_Source\PSoC6\pdl\cmsis/include/ -IGenerated_Source\PSoC6\pdl\devices/psoc6/ip/ -IGenerated_Source\PSoC6\pdl\devices/psoc6/psoc63/include/ -IGenerated_Source\PSoC6\pdl\drivers/peripheral/ -IGenerated_Source\PSoC6\pdl\middleware/ -IGenerated_Source\PSoC6\pdl\utilities/ -Wa,-alh=.\CortexM0p\ARM_GCC_541\Debug/cy_gpio.lst -g -D DEBUG -D CY_CORE_ID=0 -D CY_PSOC_CREATOR_USED=1 -D CY8C6347BZI_BLD53 -Wall -ffunction-sections -ffat-lto-objects -Og -c Generated_Source\PSoC6\pdl\drivers\peripheral\gpio\cy_gpio.c -o .\CortexM0p\ARM_GCC_541\Debug\cy_gpio.o
arm-none-eabi-gcc.exe -mcpu=cortex-m0plus -mthumb -I. -IGenerated_Source\PSoC6 -IGenerated_Source\PSoC6\pdl\cmsis/include/ -IGenerated_Source\PSoC6\pdl\devices/psoc6/ip/ -IGenerated_Source\PSoC6\pdl\devices/psoc6/psoc63/include/ -IGenerated_Source\PSoC6\pdl\drivers/peripheral/ -IGenerated_Source\PSoC6\pdl\middleware/ -IGenerated_Source\PSoC6\pdl\utilities/ -Wa,-alh=.\CortexM0p\ARM_GCC_541\Debug/cy_sysanalog.lst -g -D DEBUG -D CY_CORE_ID=0 -D CY_PSOC_CREATOR_USED=1 -D CY8C6347BZI_BLD53 -Wall -ffunction-sections -ffat-lto-objects -Og -c Generated_Source\PSoC6\pdl\drivers\peripheral\sysanalog\cy_sysanalog.c -o .\CortexM0p\ARM_GCC_541\Debug\cy_sysanalog.o
The command 'arm-none-eabi-gcc.exe' failed with exit code '3221225786'.
--------------- Build Canceled: 03/24/2018 15:31:15 ---------------
