--------------- Rebuild Started: 05/15/2018 15:42:15 Project: 3-2-SimpleBLEPeripheral, Configuration: ARM GCC 5.4-2016-q2-update Debug ---------------
Deleting file ".\CortexM0p\ARM_GCC_541\Debug\startup_psoc63_cm0plus.o"
Deleting file ".\CortexM0p\ARM_GCC_541\Debug\main_cm0p.o"
Deleting file ".\CortexM0p\ARM_GCC_541\Debug\cy_ipc_config.o"
Deleting file ".\CortexM0p\ARM_GCC_541\Debug\system_psoc63_cm0plus.o"
Deleting file ".\CortexM0p\ARM_GCC_541\Debug\stdio_user.o"
Deleting file ".\CortexM0p\ARM_GCC_541\Debug\cyfitter_sysint_cfg.o"
Deleting file ".\CortexM0p\ARM_GCC_541\Debug\cyfitter_cfg.o"
Deleting file ".\CortexM0p\ARM_GCC_541\Debug\cymetadata.o"
Deleting file ".\CortexM0p\ARM_GCC_541\Debug\PWM_BLINK.o"
Deleting file ".\CortexM0p\ARM_GCC_541\Debug\PWM_DIM.o"
Deleting file ".\CortexM0p\ARM_GCC_541\Debug\BLE.o"
Deleting file ".\CortexM0p\ARM_GCC_541\Debug\BLE_config.o"
Deleting file ".\CortexM0p\ARM_GCC_541\Debug\BLE_custom_config.o"
Deleting file ".\CortexM0p\ARM_GCC_541\Debug\UART_1.o"
Deleting file ".\CortexM0p\ARM_GCC_541\Debug\cy_sysint.o"
Deleting file ".\CortexM0p\ARM_GCC_541\Debug\cy_ipc_drv.o"
Deleting file ".\CortexM0p\ARM_GCC_541\Debug\cy_ipc_sema.o"
Deleting file ".\CortexM0p\ARM_GCC_541\Debug\cy_ipc_pipe.o"
Deleting file ".\CortexM0p\ARM_GCC_541\Debug\cy_sysclk.o"
Deleting file ".\CortexM0p\ARM_GCC_541\Debug\cy_wdt.o"
Deleting file ".\CortexM0p\ARM_GCC_541\Debug\cy_tcpwm_counter.o"
Deleting file ".\CortexM0p\ARM_GCC_541\Debug\cy_tcpwm_pwm.o"
Deleting file ".\CortexM0p\ARM_GCC_541\Debug\cy_tcpwm_quaddec.o"
Deleting file ".\CortexM0p\ARM_GCC_541\Debug\cy_scb_common.o"
Deleting file ".\CortexM0p\ARM_GCC_541\Debug\cy_scb_i2c.o"
Deleting file ".\CortexM0p\ARM_GCC_541\Debug\cy_scb_ezi2c.o"
Deleting file ".\CortexM0p\ARM_GCC_541\Debug\cy_scb_spi.o"
Deleting file ".\CortexM0p\ARM_GCC_541\Debug\cy_scb_uart.o"
Deleting file ".\CortexM0p\ARM_GCC_541\Debug\cy_efuse.o"
Deleting file ".\CortexM0p\ARM_GCC_541\Debug\cy_flash.o"
Deleting file ".\CortexM0p\ARM_GCC_541\Debug\cy_gpio.o"
Deleting file ".\CortexM0p\ARM_GCC_541\Debug\cy_sysanalog.o"
Deleting file ".\CortexM0p\ARM_GCC_541\Debug\cy_syspm.o"
Deleting file ".\CortexM0p\ARM_GCC_541\Debug\cy_syslib.o"
Deleting file ".\CortexM0p\ARM_GCC_541\Debug\cy_syslib_gcc.o"
Deleting file ".\CortexM0p\ARM_GCC_541\Debug\cy_trigmux.o"
Deleting file ".\CortexM0p\ARM_GCC_541\Debug\cy_systick.o"
Deleting file ".\CortexM0p\ARM_GCC_541\Debug\cy_profile.o"
Deleting file ".\CortexM0p\ARM_GCC_541\Debug\cy_prot.o"
Deleting file ".\CortexM0p\ARM_GCC_541\Debug\cy_lvd.o"
Deleting file ".\CortexM0p\ARM_GCC_541\Debug\cy_ble.o"
Deleting file ".\CortexM0p\ARM_GCC_541\Debug\cy_ble_hal_int.o"
Deleting file ".\CortexM0p\ARM_GCC_541\Debug\cy_ble_hal_pvt.o"
Deleting file ".\CortexM0p\ARM_GCC_541\Debug\cy_ble_gap.o"
Deleting file ".\CortexM0p\ARM_GCC_541\Debug\cy_ble_gatt.o"
Deleting file ".\CortexM0p\ARM_GCC_541\Debug\cy_ble_event_handler.o"
Deleting file ".\CortexM0p\ARM_GCC_541\Debug\cy_ble_ancs.o"
Deleting file ".\CortexM0p\ARM_GCC_541\Debug\cy_ble_ans.o"
Deleting file ".\CortexM0p\ARM_GCC_541\Debug\cy_ble_aios.o"
Deleting file ".\CortexM0p\ARM_GCC_541\Debug\cy_ble_bas.o"
Deleting file ".\CortexM0p\ARM_GCC_541\Debug\cy_ble_bcs.o"
Deleting file ".\CortexM0p\ARM_GCC_541\Debug\cy_ble_bls.o"
Deleting file ".\CortexM0p\ARM_GCC_541\Debug\cy_ble_bms.o"
Deleting file ".\CortexM0p\ARM_GCC_541\Debug\cy_ble_bts.o"
Deleting file ".\CortexM0p\ARM_GCC_541\Debug\cy_ble_cgms.o"
Deleting file ".\CortexM0p\ARM_GCC_541\Debug\cy_ble_cps.o"
Deleting file ".\CortexM0p\ARM_GCC_541\Debug\cy_ble_cscs.o"
Deleting file ".\CortexM0p\ARM_GCC_541\Debug\cy_ble_cts.o"
Deleting file ".\CortexM0p\ARM_GCC_541\Debug\cy_ble_custom.o"
Deleting file ".\CortexM0p\ARM_GCC_541\Debug\cy_ble_dis.o"
Deleting file ".\CortexM0p\ARM_GCC_541\Debug\cy_ble_ess.o"
Deleting file ".\CortexM0p\ARM_GCC_541\Debug\cy_ble_gls.o"
Deleting file ".\CortexM0p\ARM_GCC_541\Debug\cy_ble_hids.o"
Deleting file ".\CortexM0p\ARM_GCC_541\Debug\cy_ble_hps.o"
Deleting file ".\CortexM0p\ARM_GCC_541\Debug\cy_ble_hrs.o"
Deleting file ".\CortexM0p\ARM_GCC_541\Debug\cy_ble_hts.o"
Deleting file ".\CortexM0p\ARM_GCC_541\Debug\cy_ble_ias.o"
Deleting file ".\CortexM0p\ARM_GCC_541\Debug\cy_ble_ips.o"
Deleting file ".\CortexM0p\ARM_GCC_541\Debug\cy_ble_lls.o"
Deleting file ".\CortexM0p\ARM_GCC_541\Debug\cy_ble_lns.o"
Deleting file ".\CortexM0p\ARM_GCC_541\Debug\cy_ble_ndcs.o"
Deleting file ".\CortexM0p\ARM_GCC_541\Debug\cy_ble_plxs.o"
Deleting file ".\CortexM0p\ARM_GCC_541\Debug\cy_ble_pass.o"
Deleting file ".\CortexM0p\ARM_GCC_541\Debug\cy_ble_rscs.o"
Deleting file ".\CortexM0p\ARM_GCC_541\Debug\cy_ble_rtus.o"
Deleting file ".\CortexM0p\ARM_GCC_541\Debug\cy_ble_scps.o"
Deleting file ".\CortexM0p\ARM_GCC_541\Debug\cy_ble_tps.o"
Deleting file ".\CortexM0p\ARM_GCC_541\Debug\cy_ble_uds.o"
Deleting file ".\CortexM0p\ARM_GCC_541\Debug\cy_ble_wpts.o"
Deleting file ".\CortexM0p\ARM_GCC_541\Debug\cy_ble_wss.o"
Deleting file ".\CortexM0p\ARM_GCC_541\Debug\cy_ble_clk.o"
Deleting file ".\CortexM0p\ARM_GCC_541\Debug\retarget.o"
Deleting file ".\CortexM0p\ARM_GCC_541\Debug\3-2-SimpleBLEPeripheral.hex"
Deleting file ".\CortexM0p\ARM_GCC_541\Debug\3-2-SimpleBLEPeripheral.elf"
Deleting file ".\CortexM0p\ARM_GCC_541\Debug\3-2-SimpleBLEPeripheral.map"
Deleting file ".\3-2-SimpleBLEPeripheral.cycdx"
Deleting file ".\3-2-SimpleBLEPeripheral.rpt"
Deleting file ".\3-2-SimpleBLEPeripheral_timing.html"
Deleting file ".\CortexM0p\ARM_GCC_541\Debug\.deps\SOURCE_C__ARM_GCC_GENERIC.P"
Deleting file ".\CortexM4\ARM_GCC_541\Debug\cy_ipc_config.o"
Deleting file ".\CortexM4\ARM_GCC_541\Debug\stdio_user.o"
Deleting file ".\CortexM4\ARM_GCC_541\Debug\startup_psoc63_cm4.o"
Deleting file ".\CortexM4\ARM_GCC_541\Debug\main_cm4.o"
Deleting file ".\CortexM4\ARM_GCC_541\Debug\system_psoc63_cm4.o"
Deleting file ".\CortexM4\ARM_GCC_541\Debug\cyfitter_sysint_cfg.o"
Deleting file ".\CortexM4\ARM_GCC_541\Debug\cymetadata.o"
Deleting file ".\CortexM4\ARM_GCC_541\Debug\PWM_BLINK.o"
Deleting file ".\CortexM4\ARM_GCC_541\Debug\PWM_DIM.o"
Deleting file ".\CortexM4\ARM_GCC_541\Debug\BLE.o"
Deleting file ".\CortexM4\ARM_GCC_541\Debug\BLE_config.o"
Deleting file ".\CortexM4\ARM_GCC_541\Debug\BLE_custom_config.o"
Deleting file ".\CortexM4\ARM_GCC_541\Debug\UART_1.o"
Deleting file ".\CortexM4\ARM_GCC_541\Debug\cy_sysint.o"
Deleting file ".\CortexM4\ARM_GCC_541\Debug\cy_ipc_drv.o"
Deleting file ".\CortexM4\ARM_GCC_541\Debug\cy_ipc_sema.o"
Deleting file ".\CortexM4\ARM_GCC_541\Debug\cy_ipc_pipe.o"
Deleting file ".\CortexM4\ARM_GCC_541\Debug\cy_sysclk.o"
Deleting file ".\CortexM4\ARM_GCC_541\Debug\cy_wdt.o"
Deleting file ".\CortexM4\ARM_GCC_541\Debug\cy_tcpwm_counter.o"
Deleting file ".\CortexM4\ARM_GCC_541\Debug\cy_tcpwm_pwm.o"
Deleting file ".\CortexM4\ARM_GCC_541\Debug\cy_tcpwm_quaddec.o"
Deleting file ".\CortexM4\ARM_GCC_541\Debug\cy_scb_common.o"
Deleting file ".\CortexM4\ARM_GCC_541\Debug\cy_scb_i2c.o"
Deleting file ".\CortexM4\ARM_GCC_541\Debug\cy_scb_ezi2c.o"
Deleting file ".\CortexM4\ARM_GCC_541\Debug\cy_scb_spi.o"
Deleting file ".\CortexM4\ARM_GCC_541\Debug\cy_scb_uart.o"
Deleting file ".\CortexM4\ARM_GCC_541\Debug\cy_efuse.o"
Deleting file ".\CortexM4\ARM_GCC_541\Debug\cy_flash.o"
Deleting file ".\CortexM4\ARM_GCC_541\Debug\cy_gpio.o"
Deleting file ".\CortexM4\ARM_GCC_541\Debug\cy_sysanalog.o"
Deleting file ".\CortexM4\ARM_GCC_541\Debug\cy_syspm.o"
Deleting file ".\CortexM4\ARM_GCC_541\Debug\cy_syslib.o"
Deleting file ".\CortexM4\ARM_GCC_541\Debug\cy_syslib_gcc.o"
Deleting file ".\CortexM4\ARM_GCC_541\Debug\cy_trigmux.o"
Deleting file ".\CortexM4\ARM_GCC_541\Debug\cy_systick.o"
Deleting file ".\CortexM4\ARM_GCC_541\Debug\cy_profile.o"
Deleting file ".\CortexM4\ARM_GCC_541\Debug\cy_prot.o"
Deleting file ".\CortexM4\ARM_GCC_541\Debug\cy_lvd.o"
Deleting file ".\CortexM4\ARM_GCC_541\Debug\cy_ble.o"
Deleting file ".\CortexM4\ARM_GCC_541\Debug\cy_ble_hal_int.o"
Deleting file ".\CortexM4\ARM_GCC_541\Debug\cy_ble_hal_pvt.o"
Deleting file ".\CortexM4\ARM_GCC_541\Debug\cy_ble_gap.o"
Deleting file ".\CortexM4\ARM_GCC_541\Debug\cy_ble_gatt.o"
Deleting file ".\CortexM4\ARM_GCC_541\Debug\cy_ble_event_handler.o"
Deleting file ".\CortexM4\ARM_GCC_541\Debug\cy_ble_ancs.o"
Deleting file ".\CortexM4\ARM_GCC_541\Debug\cy_ble_ans.o"
Deleting file ".\CortexM4\ARM_GCC_541\Debug\cy_ble_aios.o"
Deleting file ".\CortexM4\ARM_GCC_541\Debug\cy_ble_bas.o"
Deleting file ".\CortexM4\ARM_GCC_541\Debug\cy_ble_bcs.o"
Deleting file ".\CortexM4\ARM_GCC_541\Debug\cy_ble_bls.o"
Deleting file ".\CortexM4\ARM_GCC_541\Debug\cy_ble_bms.o"
Deleting file ".\CortexM4\ARM_GCC_541\Debug\cy_ble_bts.o"
Deleting file ".\CortexM4\ARM_GCC_541\Debug\cy_ble_cgms.o"
Deleting file ".\CortexM4\ARM_GCC_541\Debug\cy_ble_cps.o"
Deleting file ".\CortexM4\ARM_GCC_541\Debug\cy_ble_cscs.o"
Deleting file ".\CortexM4\ARM_GCC_541\Debug\cy_ble_cts.o"
Deleting file ".\CortexM4\ARM_GCC_541\Debug\cy_ble_custom.o"
Deleting file ".\CortexM4\ARM_GCC_541\Debug\cy_ble_dis.o"
Deleting file ".\CortexM4\ARM_GCC_541\Debug\cy_ble_ess.o"
Deleting file ".\CortexM4\ARM_GCC_541\Debug\cy_ble_gls.o"
Deleting file ".\CortexM4\ARM_GCC_541\Debug\cy_ble_hids.o"
Deleting file ".\CortexM4\ARM_GCC_541\Debug\cy_ble_hps.o"
Deleting file ".\CortexM4\ARM_GCC_541\Debug\cy_ble_hrs.o"
Deleting file ".\CortexM4\ARM_GCC_541\Debug\cy_ble_hts.o"
Deleting file ".\CortexM4\ARM_GCC_541\Debug\cy_ble_ias.o"
Deleting file ".\CortexM4\ARM_GCC_541\Debug\cy_ble_ips.o"
Deleting file ".\CortexM4\ARM_GCC_541\Debug\cy_ble_lls.o"
Deleting file ".\CortexM4\ARM_GCC_541\Debug\cy_ble_lns.o"
Deleting file ".\CortexM4\ARM_GCC_541\Debug\cy_ble_ndcs.o"
Deleting file ".\CortexM4\ARM_GCC_541\Debug\cy_ble_plxs.o"
Deleting file ".\CortexM4\ARM_GCC_541\Debug\cy_ble_pass.o"
Deleting file ".\CortexM4\ARM_GCC_541\Debug\cy_ble_rscs.o"
Deleting file ".\CortexM4\ARM_GCC_541\Debug\cy_ble_rtus.o"
Deleting file ".\CortexM4\ARM_GCC_541\Debug\cy_ble_scps.o"
Deleting file ".\CortexM4\ARM_GCC_541\Debug\cy_ble_tps.o"
Deleting file ".\CortexM4\ARM_GCC_541\Debug\cy_ble_uds.o"
Deleting file ".\CortexM4\ARM_GCC_541\Debug\cy_ble_wpts.o"
Deleting file ".\CortexM4\ARM_GCC_541\Debug\cy_ble_wss.o"
Deleting file ".\CortexM4\ARM_GCC_541\Debug\cy_ble_clk.o"
Deleting file ".\CortexM4\ARM_GCC_541\Debug\croutine.o"
Deleting file ".\CortexM4\ARM_GCC_541\Debug\event_groups.o"
Deleting file ".\CortexM4\ARM_GCC_541\Debug\list.o"
Deleting file ".\CortexM4\ARM_GCC_541\Debug\queue.o"
Deleting file ".\CortexM4\ARM_GCC_541\Debug\tasks.o"
Deleting file ".\CortexM4\ARM_GCC_541\Debug\timers.o"
Deleting file ".\CortexM4\ARM_GCC_541\Debug\port.o"
Deleting file ".\CortexM4\ARM_GCC_541\Debug\heap_4.o"
Deleting file ".\CortexM4\ARM_GCC_541\Debug\retarget.o"
Deleting file ".\CortexM4\ARM_GCC_541\Debug\3-2-SimpleBLEPeripheral.hex"
Deleting file ".\CortexM4\ARM_GCC_541\Debug\3-2-SimpleBLEPeripheral.elf"
Deleting file ".\CortexM4\ARM_GCC_541\Debug\3-2-SimpleBLEPeripheral.map"
Deleting file ".\CortexM4\ARM_GCC_541\Debug\.deps\SOURCE_C__ARM_GCC_GENERIC.P"
cydsfit.exe -.appdatapath "C:\Users\gjl\AppData\Local\Cypress Semiconductor\PSoC Creator\4.2" -.fdsnotice -.fdswarpdepfile=warp_dependencies.txt -.fdselabdepfile=elab_dependencies.txt -.fdsbldfile=generated_files.txt -.fdsreffile=referenced_files.txt -p C:\Git\PSoC6-101-Videos\Projects\3-2-SimpleBLEPeripheral.cydsn\3-2-SimpleBLEPeripheral.cyprj -d CY8C6347BZI-BLD53 -s C:\Git\PSoC6-101-Videos\Projects\3-2-SimpleBLEPeripheral.cydsn\Generated_Source\PSoC6 -- -yv2 -q10 -ygs -o2 -v3 -.fftcfgtype=LE
ADD: fit.M0067: information: Clock Information: (The WCO is enabled. Chip startup will be slower because clock configuration cannot continue until the WCO is ready. See the device datasheet for WCO startup timing. If WCO is not required during startup, consider starting it in main() for faster chip startup.).
 * C:\Git\PSoC6-101-Videos\Projects\3-2-SimpleBLEPeripheral.cydsn\3-2-SimpleBLEPeripheral.cydwr (WCO)
Elaborating Design...
HDL Generation...
Synthesis...
Tech Mapping...
Info: plm.M0038: The pin named CY_SRSS_WCO_IN(0) at location P0[0] prevents usage of special purposes: TCPWM[0].line. (App=cydsfit)
Info: plm.M0038: The pin named CY_SRSS_WCO_IN(0) at location P0[0] prevents usage of special purposes: TCPWM[8].line. (App=cydsfit)
Info: plm.M0038: The pin named CY_SRSS_WCO_IN(0) at location P0[0] prevents usage of special purposes: SCB[0].spi_select[1]. (App=cydsfit)
Info: plm.M0038: The pin named CY_SRSS_WCO_OUT(0) at location P0[1] prevents usage of special purposes: TCPWM[0].line_compl. (App=cydsfit)
Info: plm.M0038: The pin named CY_SRSS_WCO_OUT(0) at location P0[1] prevents usage of special purposes: TCPWM[8].line_compl. (App=cydsfit)
Info: plm.M0038: The pin named CY_SRSS_WCO_OUT(0) at location P0[1] prevents usage of special purposes: SCB[0].spi_select[2]. (App=cydsfit)
Info: plm.M0038: The pin named CY_SRSS_WCO_OUT(0) at location P0[1] prevents usage of special purposes: CPUSS[0].swj_trstn. (App=cydsfit)
Info: plm.M0038: The pin named CY_CPUSS_SWJ_SWCLK_TCLK(0) at location P6[7] prevents usage of special purposes: TCPWM[3].line_compl. (App=cydsfit)
Info: plm.M0038: The pin named CY_CPUSS_SWJ_SWCLK_TCLK(0) at location P6[7] prevents usage of special purposes: TCPWM[19].line_compl. (App=cydsfit)
Info: plm.M0038: The pin named CY_CPUSS_SWJ_SWCLK_TCLK(0) at location P6[7] prevents usage of special purposes: SCB[6].uart_cts. (App=cydsfit)
Info: plm.M0038: The pin named CY_CPUSS_SWJ_SWCLK_TCLK(0) at location P6[7] prevents usage of special purposes: SCB[6].spi_select[0]. (App=cydsfit)
Info: plm.M0038: The pin named CY_CPUSS_SWJ_SWCLK_TCLK(0) at location P6[7] prevents usage of special purposes: SCB[8].spi_select[0]. (App=cydsfit)
Info: plm.M0038: The pin named CY_CPUSS_SWJ_SWCLK_TCLK(0) at location P6[7] prevents usage of special purposes: SRSS[0].swd_clk. (App=cydsfit)
Info: plm.M0038: The pin named CY_CPUSS_SWJ_SWDIO_TMS(0) at location P6[6] prevents usage of special purposes: TCPWM[3].line. (App=cydsfit)
Info: plm.M0038: The pin named CY_CPUSS_SWJ_SWDIO_TMS(0) at location P6[6] prevents usage of special purposes: TCPWM[19].line. (App=cydsfit)
Info: plm.M0038: The pin named CY_CPUSS_SWJ_SWDIO_TMS(0) at location P6[6] prevents usage of special purposes: SCB[6].uart_rts. (App=cydsfit)
Info: plm.M0038: The pin named CY_CPUSS_SWJ_SWDIO_TMS(0) at location P6[6] prevents usage of special purposes: SCB[6].spi_clk. (App=cydsfit)
Info: plm.M0038: The pin named CY_CPUSS_SWJ_SWDIO_TMS(0) at location P6[6] prevents usage of special purposes: SCB[8].spi_clk. (App=cydsfit)
Info: plm.M0038: The pin named CY_CPUSS_SWJ_SWDIO_TMS(0) at location P6[6] prevents usage of special purposes: SRSS[0].swd_data. (App=cydsfit)
Analog Placement...
Analog Routing...
Analog Code Generation...
Digital Placement...
Digital Routing...
Bitstream Generation...
Bitstream Verification...
Static timing analysis...
API Generation...
Dependency Generation...
Cleanup...
arm-none-eabi-gcc.exe -mcpu=cortex-m0plus -mthumb -I. -IGenerated_Source\PSoC6 -IGenerated_Source\PSoC6\pdl\cmsis/include/ -IGenerated_Source\PSoC6\pdl\devices/psoc6/ip/ -IGenerated_Source\PSoC6\pdl\devices/psoc6/psoc63/include/ -IGenerated_Source\PSoC6\pdl\drivers/peripheral/ -IGenerated_Source\PSoC6\pdl\middleware/ -IGenerated_Source\PSoC6\pdl\rtos/FreeRTOS/9.0.0/Source/include/ -IGenerated_Source\PSoC6\pdl\rtos/FreeRTOS/9.0.0/Source/portable/GCC/CM4F/ -IGenerated_Source\PSoC6\pdl\utilities/ -Wa,-alh=.\CortexM0p\ARM_GCC_541\Debug/startup_psoc63_cm0plus.lst -g -D DEBUG -D CY_CORE_ID=0 -D CY_PSOC_CREATOR_USED=1 -D CY8C6347BZI_BLD53 -Wall -ffunction-sections -ffat-lto-objects -Og -c armgcc\startup\startup_psoc63_cm0plus.S -o .\CortexM0p\ARM_GCC_541\Debug\startup_psoc63_cm0plus.o
arm-none-eabi-gcc.exe -mcpu=cortex-m0plus -mthumb -I. -IGenerated_Source\PSoC6 -IGenerated_Source\PSoC6\pdl\cmsis/include/ -IGenerated_Source\PSoC6\pdl\devices/psoc6/ip/ -IGenerated_Source\PSoC6\pdl\devices/psoc6/psoc63/include/ -IGenerated_Source\PSoC6\pdl\drivers/peripheral/ -IGenerated_Source\PSoC6\pdl\middleware/ -IGenerated_Source\PSoC6\pdl\rtos/FreeRTOS/9.0.0/Source/include/ -IGenerated_Source\PSoC6\pdl\rtos/FreeRTOS/9.0.0/Source/portable/GCC/CM4F/ -IGenerated_Source\PSoC6\pdl\utilities/ -Wa,-alh=.\CortexM0p\ARM_GCC_541\Debug/main_cm0p.lst -g -D DEBUG -D CY_CORE_ID=0 -D CY_PSOC_CREATOR_USED=1 -D CY8C6347BZI_BLD53 -Wall -ffunction-sections -ffat-lto-objects -Og -c main_cm0p.c -o .\CortexM0p\ARM_GCC_541\Debug\main_cm0p.o
arm-none-eabi-gcc.exe -mcpu=cortex-m0plus -mthumb -I. -IGenerated_Source\PSoC6 -IGenerated_Source\PSoC6\pdl\cmsis/include/ -IGenerated_Source\PSoC6\pdl\devices/psoc6/ip/ -IGenerated_Source\PSoC6\pdl\devices/psoc6/psoc63/include/ -IGenerated_Source\PSoC6\pdl\drivers/peripheral/ -IGenerated_Source\PSoC6\pdl\middleware/ -IGenerated_Source\PSoC6\pdl\rtos/FreeRTOS/9.0.0/Source/include/ -IGenerated_Source\PSoC6\pdl\rtos/FreeRTOS/9.0.0/Source/portable/GCC/CM4F/ -IGenerated_Source\PSoC6\pdl\utilities/ -Wa,-alh=.\CortexM0p\ARM_GCC_541\Debug/cy_ipc_config.lst -g -D DEBUG -D CY_CORE_ID=0 -D CY_PSOC_CREATOR_USED=1 -D CY8C6347BZI_BLD53 -Wall -ffunction-sections -ffat-lto-objects -Og -c cy_ipc_config.c -o .\CortexM0p\ARM_GCC_541\Debug\cy_ipc_config.o
arm-none-eabi-gcc.exe -mcpu=cortex-m0plus -mthumb -I. -IGenerated_Source\PSoC6 -IGenerated_Source\PSoC6\pdl\cmsis/include/ -IGenerated_Source\PSoC6\pdl\devices/psoc6/ip/ -IGenerated_Source\PSoC6\pdl\devices/psoc6/psoc63/include/ -IGenerated_Source\PSoC6\pdl\drivers/peripheral/ -IGenerated_Source\PSoC6\pdl\middleware/ -IGenerated_Source\PSoC6\pdl\rtos/FreeRTOS/9.0.0/Source/include/ -IGenerated_Source\PSoC6\pdl\rtos/FreeRTOS/9.0.0/Source/portable/GCC/CM4F/ -IGenerated_Source\PSoC6\pdl\utilities/ -Wa,-alh=.\CortexM0p\ARM_GCC_541\Debug/system_psoc63_cm0plus.lst -g -D DEBUG -D CY_CORE_ID=0 -D CY_PSOC_CREATOR_USED=1 -D CY8C6347BZI_BLD53 -Wall -ffunction-sections -ffat-lto-objects -Og -c system_psoc63_cm0plus.c -o .\CortexM0p\ARM_GCC_541\Debug\system_psoc63_cm0plus.o
arm-none-eabi-gcc.exe -mcpu=cortex-m0plus -mthumb -I. -IGenerated_Source\PSoC6 -IGenerated_Source\PSoC6\pdl\cmsis/include/ -IGenerated_Source\PSoC6\pdl\devices/psoc6/ip/ -IGenerated_Source\PSoC6\pdl\devices/psoc6/psoc63/include/ -IGenerated_Source\PSoC6\pdl\drivers/peripheral/ -IGenerated_Source\PSoC6\pdl\middleware/ -IGenerated_Source\PSoC6\pdl\rtos/FreeRTOS/9.0.0/Source/include/ -IGenerated_Source\PSoC6\pdl\rtos/FreeRTOS/9.0.0/Source/portable/GCC/CM4F/ -IGenerated_Source\PSoC6\pdl\utilities/ -Wa,-alh=.\CortexM0p\ARM_GCC_541\Debug/stdio_user.lst -g -D DEBUG -D CY_CORE_ID=0 -D CY_PSOC_CREATOR_USED=1 -D CY8C6347BZI_BLD53 -Wall -ffunction-sections -ffat-lto-objects -Og -c stdio_user.c -o .\CortexM0p\ARM_GCC_541\Debug\stdio_user.o
In file included from stdio_user.c:17:0:
stdio_user.h:150:20: fatal error: projec.h: No such file or directory
compilation terminated.
The command 'arm-none-eabi-gcc.exe' failed with exit code '1'.
--------------- Rebuild Failed: 05/15/2018 15:43:00 ---------------
